[2019-04-03 20:12:27] -- ********~Starting new import~********
[2019-04-03 20:12:28] -- Found 27 pages of properties to import.
[2019-04-03 20:12:28] -- Processed page 1 of 27.
[2019-04-03 20:12:29] -- Processed page 2 of 27.
[2019-04-03 20:12:29] -- Processed page 3 of 27.
[2019-04-03 20:12:30] -- Processed page 4 of 27.
[2019-04-03 20:12:31] -- Processed page 5 of 27.
[2019-04-03 20:12:31] -- Processed page 6 of 27.
[2019-04-03 20:12:32] -- Processed page 7 of 27.
[2019-04-03 20:12:32] -- Processed page 8 of 27.
[2019-04-03 20:12:33] -- Processed page 9 of 27.
[2019-04-03 20:12:33] -- Processed page 10 of 27.
[2019-04-03 20:12:33] -- Processed page 11 of 27.
[2019-04-03 20:12:34] -- Processed page 12 of 27.
[2019-04-03 20:12:35] -- Processed page 13 of 27.
[2019-04-03 20:12:35] -- Processed page 14 of 27.
[2019-04-03 20:12:36] -- Processed page 15 of 27.
[2019-04-03 20:12:36] -- Processed page 16 of 27.
[2019-04-03 20:12:37] -- Processed page 17 of 27.
[2019-04-03 20:12:37] -- Processed page 18 of 27.
[2019-04-03 20:12:37] -- Processed page 19 of 27.
[2019-04-03 20:12:38] -- Processed page 20 of 27.
[2019-04-03 20:12:38] -- Processed page 21 of 27.
[2019-04-03 20:12:39] -- Processed page 22 of 27.
[2019-04-03 20:12:39] -- Processed page 23 of 27.
[2019-04-03 20:12:40] -- Processed page 24 of 27.
[2019-04-03 20:12:40] -- Processed page 25 of 27.
[2019-04-03 20:12:41] -- Processed page 26 of 27.
[2019-04-03 20:12:41] -- Processed page 27 of 27.
[2019-04-03 20:12:41] -- Found 263 properties to import.
[2019-04-03 20:12:42] -- Imported Orthopedic Associates MOB - tx_0024. (1 of 263)
[2019-04-03 20:12:43] -- Imported Cincinnati Eye Institute - oh_0013. (2 of 263)
[2019-04-03 20:12:43] -- Imported 4921 Flower Mound MOB - tx_0022. (3 of 263)
[2019-04-03 20:12:44] -- Imported Pilot Medical Center - al_0010. (4 of 263)
[2019-04-03 20:12:45] -- Imported Unity ASC, Imaging and MOB - in_0015. (5 of 263)
[2019-04-03 20:12:45] -- Imported Unity Medical Pavilion - in_0016. (6 of 263)
[2019-04-03 20:12:46] -- Imported Unity Faith, Hope, and Love - in_0017. (7 of 263)
[2019-04-03 20:12:46] -- Imported Unity Immediate Care and OCC - in_0018. (8 of 263)
[2019-04-03 20:12:47] -- Imported Tri-State Ortho MOB - in_0019. (9 of 263)
[2019-04-03 20:12:47] -- Imported Doctors POB - md_0002. (10 of 263)
[2019-04-03 20:12:48] -- Imported Northwest Michigan Surgery Center - mi_0008. (11 of 263)
[2019-04-03 20:12:49] -- Imported HealthEast Prairie Care - mn_0012. (12 of 263)
[2019-04-03 20:12:49] -- Imported Northeast Medical Center - ny_0010. (13 of 263)
[2019-04-03 20:12:50] -- Imported North Medical Center - ny_0011. (14 of 263)
[2019-04-03 20:12:50] -- Imported Spring Ridge Medical Center - pa_0011. (15 of 263)
[2019-04-03 20:12:51] -- Imported Maury Regional Health Complex - tn_0008. (16 of 263)
[2019-04-03 20:12:52] -- Imported CHI Gig Harbor Medical Pavilion - wa_0006. (17 of 263)
[2019-04-03 20:12:52] -- Imported Medical Arts Center at Hartford - ct_0001. (18 of 263)
[2019-04-03 20:12:53] -- Imported Laub Pinnacle Market Place - pa_0009. (19 of 263)
[2019-04-03 20:12:53] -- Imported Hillside Medical Center - pa_0010. (20 of 263)
[2019-04-03 20:12:54] -- Imported MeadowView Professional - tn_0001. (21 of 263)
[2019-04-03 20:12:55] -- Imported West TN ASC - tn_0002. (22 of 263)
[2019-04-03 20:12:55] -- Imported Nashville MOB - tn_0005. (23 of 263)
[2019-04-03 20:12:56] -- Imported CHI Missionary Ridge MOB - tn_0007. (24 of 263)
[2019-04-03 20:12:56] -- Imported El Paso MOB - tx_0001. (25 of 263)
[2019-04-03 20:12:57] -- Imported East El Paso Physicians Medical Center - tx_0002. (26 of 263)
[2019-04-03 20:12:58] -- Imported Foundation Surgical Hospital of El Paso - tx_0003. (27 of 263)
[2019-04-03 20:12:58] -- Imported LifeCare LTACH PLANO - tx_0004. (28 of 263)
[2019-04-03 20:12:59] -- Imported Foundation Surgical Hospital of San Antonio - tx_0005. (29 of 263)
[2019-04-03 20:12:59] -- Imported Foundation Healthplex of San Antonio - tx_0006. (30 of 263)
[2019-04-03 20:13:00] -- Imported LifeCare LTACH Ft Worth - tx_0007. (31 of 263)
[2019-04-03 20:13:01] -- Imported Mansfield ASC - tx_0008. (32 of 263)
[2019-04-03 20:13:01] -- Imported 3100 Lee Trevino Drive - tx_0009. (33 of 263)
[2019-04-03 20:13:02] -- Imported 9999 Kenworthy - tx_0010. (34 of 263)
[2019-04-03 20:13:02] -- Imported 1755 Curie - tx_0011. (35 of 263)
[2019-04-03 20:13:03] -- Imported Baylor Cancer Center - tx_0012. (36 of 263)
[2019-04-03 20:13:03] -- Imported Katy Medical Complex - tx_0013. (37 of 263)
[2019-04-03 20:13:04] -- Imported Katy Medical Complex Surgery Center - tx_0014. (38 of 263)
[2019-04-03 20:13:05] -- Imported HEB Cancer Center - tx_0016. (39 of 263)
[2019-04-03 20:13:05] -- Imported CHI Springwoods - tx_0017. (40 of 263)
[2019-04-03 20:13:06] -- Imported CHI Woodlands Medical Arts Center - tx_0018. (41 of 263)
[2019-04-03 20:13:06] -- Imported CHI Cardwell Professional Building - tx_0019. (42 of 263)
[2019-04-03 20:13:07] -- Imported CHI Medical Arts Pavilion, Lufkin - tx_0020. (43 of 263)
[2019-04-03 20:13:08] -- Imported CHI Memorial Outpatient Therapy Ce - tx_0021. (44 of 263)
[2019-04-03 20:13:08] -- Imported Bridgeport - wa_0001. (45 of 263)
[2019-04-03 20:13:09] -- Imported Kennewick MOB - wa_0002. (46 of 263)
[2019-04-03 20:13:09] -- Imported CHI Physician Medical Center - wa_0003. (47 of 263)
[2019-04-03 20:13:10] -- Imported CHI St. Joseph Medical Clinic - wa_0004. (48 of 263)
[2019-04-03 20:13:10] -- Imported CHI St Joseph Medical Pavilion - wa_0005. (49 of 263)
[2019-04-03 20:13:11] -- Imported CHI Franciscan Education & Support Center FESC - wa_0007. (50 of 263)
[2019-04-03 20:13:12] -- Imported CHI Franciscan Health Service & Garage - wa_0008. (51 of 263)
[2019-04-03 20:13:12] -- Imported CHI St. Francis MOB - wa_0009. (52 of 263)
[2019-04-03 20:13:13] -- Imported CHI St. Clare Medical Pavilion - wa_0010. (53 of 263)
[2019-04-03 20:13:14] -- Imported Firehouse Square MOB - wi_0001. (54 of 263)
[2019-04-03 20:13:14] -- Imported Aurora MOB GB - wi_0002. (55 of 263)
[2019-04-03 20:13:15] -- Imported Renaissance ASC - wi_0003. (56 of 263)
[2019-04-03 20:13:15] -- Imported Renaissance Milwaukee - wi_0004. (57 of 263)
[2019-04-03 20:13:16] -- Imported Children's Hospital MOB - wi_0005. (58 of 263)
[2019-04-03 20:13:16] -- Imported 4951 Flower Mound MOB - tx_0a22. (59 of 263)
[2019-04-03 20:13:17] -- Imported Brookstone Physician Center - al_0002. (60 of 263)
[2019-04-03 20:13:18] -- Imported Catalyst Fairhope MOB - al_0003. (61 of 263)
[2019-04-03 20:13:18] -- Imported Catalyst Foley MOB - al_0004. (62 of 263)
[2019-04-03 20:13:19] -- Imported Catalyst Foley Venture - al_0005. (63 of 263)
[2019-04-03 20:13:19] -- Imported St. Vincent POB I - al_0006. (64 of 263)
[2019-04-03 20:13:20] -- Imported St. Vincent POB II - al_0007. (65 of 263)
[2019-04-03 20:13:21] -- Imported St. Vincent POB III - al_0008. (66 of 263)
[2019-04-03 20:13:21] -- Imported Gardendale Surgery Center - al_0009. (67 of 263)
[2019-04-03 20:13:22] -- Imported CHI St. Vincent West MOB - ar_0001. (68 of 263)
[2019-04-03 20:13:22] -- Imported CHI Parkview MOB - ar_0002. (69 of 263)
[2019-04-03 20:13:23] -- Imported CHI Blandford MOB - ar_0003. (70 of 263)
[2019-04-03 20:13:24] -- Imported CHI Hot Springs Village Office Building - ar_0004. (71 of 263)
[2019-04-03 20:13:24] -- Imported Arrowhead Commons - az_0001. (72 of 263)
[2019-04-03 20:13:25] -- Imported IMS Avondale - az_0002. (73 of 263)
[2019-04-03 20:13:26] -- Imported IMS Palm Valley - az_0003. (74 of 263)
[2019-04-03 20:13:26] -- Imported Abrazo Scottsdale MOB - az_0004. (75 of 263)
[2019-04-03 20:13:27] -- Imported IMS North Mountain - az_0005. (76 of 263)
[2019-04-03 20:13:28] -- Imported Fountain Hills Medical Campus - az_0006. (77 of 263)
[2019-04-03 20:13:29] -- Imported HonorHealth Phoenix - az_0007. (78 of 263)
[2019-04-03 20:13:29] -- Imported HonorHealth Glendale - az_0008. (79 of 263)
[2019-04-03 20:13:30] -- Imported Arete Surgical Center - co_0001. (80 of 263)
[2019-04-03 20:13:30] -- Imported CHI Peak One ASC - co_0002. (81 of 263)
[2019-04-03 20:13:31] -- Imported CHI Dacono Neighborhood Health Clinic - co_0003. (82 of 263)
[2019-04-03 20:13:31] -- Imported CHI Thornton Neighborhood Health - co_0004. (83 of 263)
[2019-04-03 20:13:32] -- Imported CHI Meridian - co_0005. (84 of 263)
[2019-04-03 20:13:32] -- Imported 21st Century Radiation Oncology Sarasota - fl_0002. (85 of 263)
[2019-04-03 20:13:33] -- Imported 21st Century Radiation Oncology Venice - fl_0003. (86 of 263)
[2019-04-03 20:13:34] -- Imported 21st Century Radiation Oncology Englewood - fl_0004. (87 of 263)
[2019-04-03 20:13:34] -- Imported Oaks Medical Building - fl_0008. (88 of 263)
[2019-04-03 20:13:35] -- Imported Palm Beach ASC - fl_0011. (89 of 263)
[2019-04-03 20:13:36] -- Imported Atlantis MOB - fl_0012. (90 of 263)
[2019-04-03 20:13:36] -- Imported Catalyst North Okaloosa MOB - fl_0013. (91 of 263)
[2019-04-03 20:13:37] -- Imported Catalyst Commons on North Davis - fl_0014. (92 of 263)
[2019-04-03 20:13:37] -- Imported Catalyst Sorrento Road - fl_0015. (93 of 263)
[2019-04-03 20:13:38] -- Imported Catalyst Breakfast Point Medical Park - fl_0016. (94 of 263)
[2019-04-03 20:13:38] -- Imported Catalyst RSI Panama City Beach - fl_0017. (95 of 263)
[2019-04-03 20:13:38] -- Imported Catalyst Perdido Medical Park - fl_0018. (96 of 263)
[2019-04-03 20:13:39] -- Imported Catalyst RSI Fort Walton Beach - fl_0019. (97 of 263)
[2019-04-03 20:13:40] -- Imported Catalyst RSI Panama City - fl_0020. (98 of 263)
[2019-04-03 20:13:41] -- Imported Catalyst RSI Pensacola - fl_0021. (99 of 263)
[2019-04-03 20:13:41] -- Imported Treasure Coast Surgery Center - fl_0022. (100 of 263)
[2019-04-03 20:13:42] -- Imported Peachtree Dunwoody MOB Center - ga_0010. (101 of 263)
[2019-04-03 20:13:42] -- Imported Valley West Hospital MOB - il_0001. (102 of 263)
[2019-04-03 20:13:43] -- Imported Remington MOB - il_0002. (103 of 263)
[2019-04-03 20:13:44] -- Imported Randall Road MOB - il_0004. (104 of 263)
[2019-04-03 20:13:44] -- Imported South Bend Orthopaedics MOB Office - in_0001. (105 of 263)
[2019-04-03 20:13:45] -- Imported Carmel Medical Pavilion - in_0002. (106 of 263)
[2019-04-03 20:13:45] -- Imported Summit Urology - in_0003. (107 of 263)
[2019-04-03 20:13:46] -- Imported Landmark Premier 500 - in_0004. (108 of 263)
[2019-04-03 20:13:46] -- Imported Landmark Premier 550 - in_0005. (109 of 263)
[2019-04-03 20:13:47] -- Imported Landmark Premier 574 - in_0006. (110 of 263)
[2019-04-03 20:13:47] -- Imported Eye Center of S. IN - in_0007. (111 of 263)
[2019-04-03 20:13:48] -- Imported Methodist Sports - in_0008. (112 of 263)
[2019-04-03 20:13:49] -- Imported 8920 Southpointe - in_0009. (113 of 263)
[2019-04-03 20:13:49] -- Imported Indiana American 3 IA3 - in_0010. (114 of 263)
[2019-04-03 20:13:50] -- Imported Indiana American 2 IA2- in_0011. (115 of 263)
[2019-04-03 20:13:51] -- Imported Indiana American 4 IA-4 - in_0012. (116 of 263)
[2019-04-03 20:13:51] -- Imported Premier RPM - in_0013. (117 of 263)
[2019-04-03 20:13:52] -- Imported Premier Surgery Center of Louisville - ky_0001. (118 of 263)
[2019-04-03 20:13:53] -- Imported CHI Jewish Medical Center South - ky_0002. (119 of 263)
[2019-04-03 20:13:53] -- Imported Medical Center Jewish South MOB - ky_0003. (120 of 263)
[2019-04-03 20:13:54] -- Imported CHI Jewish Medical Plaza I - ky_0004. (121 of 263)
[2019-04-03 20:13:55] -- Imported CHI KYOne Health Medical Plaza II - ky_0005. (122 of 263)
[2019-04-03 20:13:55] -- Imported CHI Jewish Medical Center East - ky_0006. (123 of 263)
[2019-04-03 20:13:56] -- Imported CHI Jewish OCC Condo Building - ky_0007. (124 of 263)
[2019-04-03 20:13:57] -- Imported CHI St. Mary Caritas Medical I - ky_0008. (125 of 263)
[2019-04-03 20:13:57] -- Imported CHI St. Mary Caritas Medical II - ky_0009. (126 of 263)
[2019-04-03 20:13:58] -- Imported CHI St. Mary Caritas Medical III - ky_0010. (127 of 263)
[2019-04-03 20:13:58] -- Imported CHI Lexington Surgery Center - ky_0012. (128 of 263)
[2019-04-03 20:13:59] -- Imported Crescent City Surgical Centre - la_0001. (129 of 263)
[2019-04-03 20:13:59] -- Imported Napoleon Avenue MOB, LLC - la_0002. (130 of 263)
[2019-04-03 20:14:00] -- Imported Baton Rouge Surgery Center - la_0003. (131 of 263)
[2019-04-03 20:14:01] -- Imported Cambridge Professional Center - md_0001. (132 of 263)
[2019-04-03 20:14:01] -- Imported Mid Coast Hospital MOB - me_0001. (133 of 263)
[2019-04-03 20:14:02] -- Imported Hackley MOB - mi_0003. (134 of 263)
[2019-04-03 20:14:02] -- Imported Surgical Institute of Monroe - mi_0004. (135 of 263)
[2019-04-03 20:14:03] -- Imported Healthpark Surgery Center - mi_0006. (136 of 263)
[2019-04-03 20:14:03] -- Imported U of M Center for Specialty Care - mi_0007. (137 of 263)
[2019-04-03 20:14:04] -- Imported Southdale Place - mn_0001. (138 of 263)
[2019-04-03 20:14:04] -- Imported Savage Medical Building - mn_0002. (139 of 263)
[2019-04-03 20:14:05] -- Imported Crystal Medical Building - mn_0003. (140 of 263)
[2019-04-03 20:14:06] -- Imported Dell Medical Building - mn_0004. (141 of 263)
[2019-04-03 20:14:06] -- Imported Vadnais Heights - mn_0005. (142 of 263)
[2019-04-03 20:14:07] -- Imported Minnetonka MOB - mn_0006. (143 of 263)
[2019-04-03 20:14:07] -- Imported Minnesota Eye MOB - mn_0007. (144 of 263)
[2019-04-03 20:14:08] -- Imported Coon Rapids Medical Center - mn_0008. (145 of 263)
[2019-04-03 20:14:08] -- Imported Park Nicollet Clinic - mn_0009. (146 of 263)
[2019-04-03 20:14:09] -- Imported HealthEast Victor Gardens - mn_0010. (147 of 263)
[2019-04-03 20:14:09] -- Imported HealthEast Curve Crest - mn_0011. (148 of 263)
[2019-04-03 20:14:10] -- Imported Mercy Medical Center - mo_0001. (149 of 263)
[2019-04-03 20:14:10] -- Imported Emerson Medical Building - mo_0002. (150 of 263)
[2019-04-03 20:14:11] -- Imported Grenada Medical Complex - ms_0001. (151 of 263)
[2019-04-03 20:14:12] -- Imported Mississippi Sports Medicine & Orthopedics - ms_0002. (152 of 263)
[2019-04-03 20:14:12] -- Imported Great Falls Ambulatory Surgery Center - mt_0001. (153 of 263)
[2019-04-03 20:14:13] -- Imported Great Falls Clinic - mt_0002. (154 of 263)
[2019-04-03 20:14:14] -- Imported Great Falls Hospital - mt_0003. (155 of 263)
[2019-04-03 20:14:14] -- Imported Jamestown - nd_0001. (156 of 263)
[2019-04-03 20:14:15] -- Imported CHI St. Alexius Rehab Center - nd_0002. (157 of 263)
[2019-04-03 20:14:15] -- Imported CHI St. Alexius Orthopaedic Center - nd_0003. (158 of 263)
[2019-04-03 20:14:16] -- Imported CHI Medical Arts Pavilion, Bismarck - nd_0004. (159 of 263)
[2019-04-03 20:14:16] -- Imported CHI St. Alexius Tech & Ed - nd_0005. (160 of 263)
[2019-04-03 20:14:17] -- Imported CHI St. Alexius Mandan Clinic - nd_0006. (161 of 263)
[2019-04-03 20:14:18] -- Imported CHI St. Alexius Minot Medical - nd_0007. (162 of 263)
[2019-04-03 20:14:18] -- Imported CHI McAuley Center Admin Building - ne_0001. (163 of 263)
[2019-04-03 20:14:19] -- Imported CHI University Campus MOB - ne_0002. (164 of 263)
[2019-04-03 20:14:19] -- Imported CHI Lakeside Wellness Center - ne_0003. (165 of 263)
[2019-04-03 20:14:20] -- Imported CHI Lakeside Two Professional - ne_0004. (166 of 263)
[2019-04-03 20:14:20] -- Imported CHI Midlands One Professional Ctr - ne_0006. (167 of 263)
[2019-04-03 20:14:21] -- Imported CHI Midlands Two Professional Center - ne_0007. (168 of 263)
[2019-04-03 20:14:21] -- Imported CHI Grand Island Specialty Clinic - ne_0008. (169 of 263)
[2019-04-03 20:14:22] -- Imported CHI Memorial Health Center - ne_0009. (170 of 263)
[2019-04-03 20:14:22] -- Imported CHI Good Samaritan MOB - ne_0010. (171 of 263)
[2019-04-03 20:14:23] -- Imported CHI Good Samaritan North Annex Bld - ne_0011. (172 of 263)
[2019-04-03 20:14:23] -- Imported CHI NE Heart Institute Medical Building - ne_0012. (173 of 263)
[2019-04-03 20:14:24] -- Imported Eye Associates of NM Santa Fe - nm_0001. (174 of 263)
[2019-04-03 20:14:24] -- Imported Eye Associates of NM Albuquerque - nm_0002. (175 of 263)
[2019-04-03 20:14:25] -- Imported Middletown Maltese - ny_0001. (176 of 263)
[2019-04-03 20:14:25] -- Imported Middletown Edgewater - ny_0002. (177 of 263)
[2019-04-03 20:14:26] -- Imported Calkins 125 - ny_0003. (178 of 263)
[2019-04-03 20:14:27] -- Imported Calkins 200 - ny_0004. (179 of 263)
[2019-04-03 20:14:27] -- Imported Calkins 300 - ny_0005. (180 of 263)
[2019-04-03 20:14:28] -- Imported Calkins 400 - ny_0006. (181 of 263)
[2019-04-03 20:14:28] -- Imported Calkins 500 - ny_0007. (182 of 263)
[2019-04-03 20:14:29] -- Imported Landmark St. Luke's Cornwall - ny_0008. (183 of 263)
[2019-04-03 20:14:30] -- Imported Landmark Columbia MOB - ny_0009. (184 of 263)
[2019-04-03 20:14:30] -- Imported New Albany Professional - oh_0002. (185 of 263)
[2019-04-03 20:14:31] -- Imported Central Ohio Neurosurgical Surgeons MOB - oh_0003. (186 of 263)
[2019-04-03 20:14:31] -- Imported Zangmesiter Cancer Center - oh_0004. (187 of 263)
[2019-04-03 20:14:32] -- Imported South Point Medical Center - oh_0005. (188 of 263)
[2019-04-03 20:14:32] -- Imported Orthopedic One Columbus - oh_0006. (189 of 263)
[2019-04-03 20:14:33] -- Imported Orthopedic One Westerville - oh_0007. (190 of 263)
[2019-04-03 20:14:33] -- Imported Northern Ohio Medical Center - oh_0008. (191 of 263)
[2019-04-03 20:14:34] -- Imported Grove City MOB - oh_0009. (192 of 263)
[2019-04-03 20:14:35] -- Imported New Albany Medical Center - oh_0010. (193 of 263)
[2019-04-03 20:14:35] -- Imported Riverview Medical Center - oh_0011. (194 of 263)
[2019-04-03 20:14:36] -- Imported NOMS Healthcare MOB - oh_0012. (195 of 263)
[2019-04-03 20:14:36] -- Imported Foundations Surgical Affiliates MOB - ok_0001. (196 of 263)
[2019-04-03 20:14:37] -- Imported LifeCare LTACH Pittsburgh - pa_0001. (197 of 263)
[2019-04-03 20:14:38] -- Imported Pinnacle Health MOB Carlisle - pa_0002. (198 of 263)
[2019-04-03 20:14:38] -- Imported Pinnacle Health MOB Wormleysburg - pa_0003. (199 of 263)
[2019-04-03 20:14:39] -- Imported Carlisle II MOB - pa_0004. (200 of 263)
[2019-04-03 20:14:39] -- Imported Laub Pinnacle 32 Northeast Dr - pa_0005. (201 of 263)
[2019-04-03 20:14:40] -- Imported Laub Pinnacle 240 Grandview - pa_0006. (202 of 263)
[2019-04-03 20:14:40] -- Imported Laub Pinnacle 4518 Union Deposit - pa_0007. (203 of 263)
[2019-04-03 20:14:41] -- Imported Laub Pinnacle 4520 Union Deposit - pa_0008. (204 of 263)
[2019-04-03 20:14:42] -- Imported Caremount Rhinebeck MOB - ny_0013. (205 of 263)
[2019-04-03 20:14:42] -- Imported Caremount Lake Katrine MOB - ny_0012. (206 of 263)
[2019-04-03 20:14:43] -- Imported Building A Medical Village at Maitland - fl_0025. (207 of 263)
[2019-04-03 20:14:43] -- Imported Building B Medical Village at Maitland - fl_0025. (208 of 263)
[2019-04-03 20:14:43] -- Imported Building E Medical Village at Maitland - fl_0025. (209 of 263)
[2019-04-03 20:14:43] -- Imported Building F Medical Village at Maitland - fl_0025. (210 of 263)
[2019-04-03 20:14:43] -- Imported Building G Medical Village at Maitland - fl_0025. (211 of 263)
[2019-04-03 20:14:43] -- Imported Building H Medical Village at Maitland - fl_0025. (212 of 263)
[2019-04-03 20:14:44] -- Imported Building A St. Joseph Office Park Condos - ky_0011. (213 of 263)
[2019-04-03 20:14:44] -- Imported Building B St. Joseph Office Park Condos - ky_0011. (214 of 263)
[2019-04-03 20:14:44] -- Imported Building C St. Joseph Office Park Condos - ky_0011. (215 of 263)
[2019-04-03 20:14:45] -- Imported Carrollton MOB - tx_0023. (216 of 263)
[2019-04-03 20:14:46] -- Imported Fox Valley Hematology & Oncology - wi_0006. (217 of 263)
[2019-04-03 20:14:46] -- Imported HonorHealth Scottsdale IRF - az_0010. (218 of 263)
[2019-04-03 20:14:47] -- Imported HonorHealth Scottsdale MOB az_0009. (219 of 263)
[2019-04-03 20:14:47] -- Imported Northern Vision Eye Center - mi_0009. (220 of 263)
[2019-04-03 20:14:48] -- Imported Northwest Michigan Surgery Center Digestive Health - mi_00a8. (221 of 263)
[2019-04-03 20:14:49] -- Imported Monterey Medical Center - fl_0026. (222 of 263)
[2019-04-03 20:14:49] -- Imported Strictly Pediatrics Specialty Center - tx_0025. (223 of 263)
[2019-04-03 20:14:50] -- Imported MedStar Health at Brandywine MOB - md_0003. (224 of 263)
[2019-04-03 20:14:50] -- Imported St. Vincent Carmel Women's Clinic - in_0020. (225 of 263)
[2019-04-03 20:14:51] -- Imported Baylor Charles A. Sammons Cancer Center - tx_0028. (226 of 263)
[2019-04-03 20:14:52] -- Imported Orthopedic & Sports Institute of the Fox Valley - wi_0007. (227 of 263)
[2019-04-03 20:14:52] -- Imported CHI Health Clinic Building - ne_0013. (228 of 263)
[2019-04-03 20:14:53] -- Imported St Gabriel's Centracare - mn_0013. (229 of 263)
[2019-04-03 20:14:53] -- Imported Craven-Hagan Clinic - nd_0008. (230 of 263)
[2019-04-03 20:14:54] -- Imported Chattanooga Heart Institute Gl - tn_0010. (231 of 263)
[2019-04-03 20:14:55] -- Imported CHI St. Vincent Mercy Heart & Vascular Center - ar_0005. (232 of 263)
[2019-04-03 20:14:55] -- Imported South Campus MOB - ar_0007. (233 of 263)
[2019-04-03 20:14:56] -- Imported CHI St. Vincent Mercy Cancer Center - ar_0006. (234 of 263)
[2019-04-03 20:14:56] -- Imported St. Joseph Professional Office Building - tx_0026. (235 of 263)
[2019-04-03 20:14:57] -- Imported Immanuel One Professional Center - ne_0014. (236 of 263)
[2019-04-03 20:14:57] -- Imported Little Falls Dialysis Center - mn_0015. (237 of 263)
[2019-04-03 20:14:58] -- Imported Little Falls Orthopedics - mn_0014. (238 of 263)
[2019-04-03 20:14:59] -- Imported CHI St. Vincent Women's Center - ar_0008. (239 of 263)
[2019-04-03 20:14:59] -- Imported SJRHC Cancer Center - tx_0027. (240 of 263)
[2019-04-03 20:15:00] -- Imported Building 1 St. Vincent Fishers Medical Center - in_0021. (241 of 263)
[2019-04-03 20:15:00] -- Imported Garage St. Vincent Fishers Medical Center - in_0021. (242 of 263)
[2019-04-03 20:15:01] -- Imported Northside Cherokee/Towne Lake MOB - ga_0023. (243 of 263)
[2019-04-03 20:15:01] -- Imported Clearview Cancer Institute - al_0011. (244 of 263)
[2019-04-03 20:15:02] -- Imported HonorHealth Mesa - az_0012. (245 of 263)
[2019-04-03 20:15:03] -- Imported Northside Center Pointe MOB - ga_0024. (246 of 263)
[2019-04-03 20:15:03] -- Imported St. Vincent Building - in_0022. (247 of 263)
[2019-04-03 20:15:04] -- Imported Franklin MOB & ASC - tn_0011. (248 of 263)
[2019-04-03 20:15:05] -- Imported Legends Park MOB & ASC - tx_0029. (249 of 263)
[2019-04-03 20:15:05] -- Imported Gwinnett 500 Building - ga_0025. (250 of 263)
[2019-04-03 20:15:06] -- Imported Hudgens Professional Building - ga_0026. (251 of 263)
[2019-04-03 20:15:07] -- Imported Edina East MOB - mn_0017. (252 of 263)
[2019-04-03 20:15:07] -- Imported Eagle Point MOB - mn_0016. (253 of 263)
[2019-04-03 20:15:08] -- Imported Desert Cove - az_0011. (254 of 263)
[2019-04-03 20:15:08] -- Imported Apple Valley Medical Center - mn_0018. (255 of 263)
[2019-04-03 20:15:09] -- Imported Gwinnett Physicians Center - ga_0027. (256 of 263)
[2019-04-03 20:15:09] -- Imported Westgate MOB - az_0013. (257 of 263)
[2019-04-03 20:15:10] -- Imported Hazelwood Medical Commons - mn_0019. (258 of 263)
[2019-04-03 20:15:11] -- Imported Lee's Hill Medical Plaza - va_0001. (259 of 263)
[2019-04-03 20:15:11] -- Imported HMG Medical Plaza - tn_0012. (260 of 263)
[2019-04-03 20:15:12] -- Imported Tinseltown MedPlex (Building B) - fl_0027. (261 of 263)
[2019-04-03 20:15:12] -- Imported Tinseltown MedPlex (Building C) - fl_0028. (262 of 263)
[2019-04-03 20:15:13] -- Imported Northside Midtown Medical Center - ga_0028. (263 of 263)
[2019-04-03 20:15:13] -- ********Refresh completed.********
